{"C:\\Applic\\Server\\DBNode-4.0.0-beta-3\\htdocs\\__Projects\\xassist\\submodules\\xassist-main\\dist\\xAssist-main.js":{"path":"C:\\Applic\\Server\\DBNode-4.0.0-beta-3\\htdocs\\__Projects\\xassist\\submodules\\xassist-main\\dist\\xAssist-main.js","s":{"1":1,"2":1,"3":1,"4":1,"5":1,"6":1,"7":1,"8":1,"9":1,"10":1,"11":1,"12":1,"13":4,"14":1,"15":2,"16":1,"17":2,"18":1,"19":1,"20":1,"21":3,"22":3,"23":6,"24":11,"25":8,"26":3,"27":1,"28":1,"29":1,"30":1},"b":{"1":[1,0],"2":[1,1],"3":[0,0],"4":[0,0],"5":[0,0],"6":[1,0],"7":[2,2],"8":[1,1],"9":[1,1],"10":[2,1],"11":[8,3]},"f":{"1":1,"2":1,"3":1,"4":1,"5":4,"6":2,"7":3,"8":6,"9":11},"fnMap":{"1":{"name":"(anonymous_1)","line":7,"loc":{"start":{"line":7,"column":1},"end":{"line":7,"column":28}}},"2":{"name":"(anonymous_2)","line":11,"loc":{"start":{"line":11,"column":9},"end":{"line":11,"column":28}}},"3":{"name":"readyHandler","line":21,"loc":{"start":{"line":21,"column":0},"end":{"line":21,"column":23}}},"4":{"name":"(anonymous_4)","line":24,"loc":{"start":{"line":24,"column":24},"end":{"line":24,"column":36}}},"5":{"name":"id","line":31,"loc":{"start":{"line":31,"column":0},"end":{"line":31,"column":19}}},"6":{"name":"ready","line":36,"loc":{"start":{"line":36,"column":0},"end":{"line":36,"column":32}}},"7":{"name":"template","line":51,"loc":{"start":{"line":51,"column":0},"end":{"line":51,"column":40}}},"8":{"name":"(anonymous_8)","line":53,"loc":{"start":{"line":53,"column":36},"end":{"line":53,"column":54}}},"9":{"name":"(anonymous_9)","line":55,"loc":{"start":{"line":55,"column":30},"end":{"line":55,"column":48}}}},"statementMap":{"1":{"start":{"line":7,"column":0},"end":{"line":70,"column":5}},"2":{"start":{"line":8,"column":1},"end":{"line":10,"column":42}},"3":{"start":{"line":13,"column":0},"end":{"line":16,"column":15}},"4":{"start":{"line":17,"column":0},"end":{"line":19,"column":1}},"5":{"start":{"line":18,"column":1},"end":{"line":18,"column":74}},"6":{"start":{"line":21,"column":0},"end":{"line":30,"column":1}},"7":{"start":{"line":23,"column":1},"end":{"line":23,"column":36}},"8":{"start":{"line":24,"column":1},"end":{"line":26,"column":4}},"9":{"start":{"line":25,"column":2},"end":{"line":25,"column":42}},"10":{"start":{"line":28,"column":1},"end":{"line":28,"column":19}},"11":{"start":{"line":29,"column":1},"end":{"line":29,"column":14}},"12":{"start":{"line":31,"column":0},"end":{"line":35,"column":1}},"13":{"start":{"line":33,"column":1},"end":{"line":33,"column":53}},"14":{"start":{"line":36,"column":0},"end":{"line":50,"column":1}},"15":{"start":{"line":38,"column":1},"end":{"line":40,"column":2}},"16":{"start":{"line":39,"column":2},"end":{"line":39,"column":19}},"17":{"start":{"line":42,"column":1},"end":{"line":48,"column":2}},"18":{"start":{"line":43,"column":2},"end":{"line":43,"column":47}},"19":{"start":{"line":47,"column":2},"end":{"line":47,"column":42}},"20":{"start":{"line":51,"column":0},"end":{"line":62,"column":1}},"21":{"start":{"line":52,"column":1},"end":{"line":52,"column":45}},"22":{"start":{"line":53,"column":1},"end":{"line":61,"column":4}},"23":{"start":{"line":55,"column":2},"end":{"line":60,"column":9}},"24":{"start":{"line":56,"column":3},"end":{"line":58,"column":4}},"25":{"start":{"line":57,"column":4},"end":{"line":57,"column":21}},"26":{"start":{"line":59,"column":3},"end":{"line":59,"column":23}},"27":{"start":{"line":64,"column":0},"end":{"line":64,"column":16}},"28":{"start":{"line":65,"column":0},"end":{"line":65,"column":22}},"29":{"start":{"line":66,"column":0},"end":{"line":66,"column":28}},"30":{"start":{"line":68,"column":0},"end":{"line":68,"column":62}}},"branchMap":{"1":{"line":8,"type":"cond-expr","locations":[{"start":{"line":8,"column":64},"end":{"line":8,"column":80}},{"start":{"line":9,"column":1},"end":{"line":10,"column":41}}]},"2":{"line":8,"type":"binary-expr","locations":[{"start":{"line":8,"column":1},"end":{"line":8,"column":28}},{"start":{"line":8,"column":32},"end":{"line":8,"column":61}}]},"3":{"line":9,"type":"cond-expr","locations":[{"start":{"line":9,"column":46},"end":{"line":9,"column":74}},{"start":{"line":10,"column":2},"end":{"line":10,"column":40}}]},"4":{"line":9,"type":"binary-expr","locations":[{"start":{"line":9,"column":1},"end":{"line":9,"column":29}},{"start":{"line":9,"column":33},"end":{"line":9,"column":43}}]},"5":{"line":10,"type":"binary-expr","locations":[{"start":{"line":10,"column":23},"end":{"line":10,"column":32}},{"start":{"line":10,"column":36},"end":{"line":10,"column":38}}]},"6":{"line":17,"type":"if","locations":[{"start":{"line":17,"column":0},"end":{"line":17,"column":0}},{"start":{"line":17,"column":0},"end":{"line":17,"column":0}}]},"7":{"line":33,"type":"cond-expr","locations":[{"start":{"line":33,"column":28},"end":{"line":33,"column":30}},{"start":{"line":33,"column":31},"end":{"line":33,"column":41}}]},"8":{"line":38,"type":"if","locations":[{"start":{"line":38,"column":1},"end":{"line":38,"column":1}},{"start":{"line":38,"column":1},"end":{"line":38,"column":1}}]},"9":{"line":42,"type":"if","locations":[{"start":{"line":42,"column":1},"end":{"line":42,"column":1}},{"start":{"line":42,"column":1},"end":{"line":42,"column":1}}]},"10":{"line":52,"type":"cond-expr","locations":[{"start":{"line":52,"column":28},"end":{"line":52,"column":40}},{"start":{"line":52,"column":41},"end":{"line":52,"column":43}}]},"11":{"line":56,"type":"if","locations":[{"start":{"line":56,"column":3},"end":{"line":56,"column":3}},{"start":{"line":56,"column":3},"end":{"line":56,"column":3}}]}}}}