{"C:\\Applic\\Server\\DBNode-4.0.0-beta-3\\htdocs\\__Projects\\utilities\\submodules\\xassist-main\\dist\\xAssist-main.js":{"path":"C:\\Applic\\Server\\DBNode-4.0.0-beta-3\\htdocs\\__Projects\\utilities\\submodules\\xassist-main\\dist\\xAssist-main.js","s":{"1":1,"2":1,"3":1,"4":1,"5":1,"6":1,"7":1,"8":1,"9":1,"10":1,"11":1,"12":4,"13":1,"14":2,"15":1,"16":2,"17":1,"18":1,"19":1,"20":3,"21":3,"22":6,"23":11,"24":8,"25":3,"26":1,"27":1,"28":1,"29":1},"b":{"1":[1,0],"2":[1,1],"3":[0,0],"4":[0,0],"5":[0,0],"6":[2,2],"7":[1,1],"8":[1,1],"9":[2,1],"10":[8,3]},"f":{"1":1,"2":1,"3":1,"4":1,"5":4,"6":2,"7":3,"8":6,"9":11},"fnMap":{"1":{"name":"(anonymous_1)","line":7,"loc":{"start":{"line":7,"column":1},"end":{"line":7,"column":28}}},"2":{"name":"(anonymous_2)","line":11,"loc":{"start":{"line":11,"column":9},"end":{"line":11,"column":28}}},"3":{"name":"readyHandler","line":18,"loc":{"start":{"line":18,"column":0},"end":{"line":18,"column":23}}},"4":{"name":"(anonymous_4)","line":21,"loc":{"start":{"line":21,"column":24},"end":{"line":21,"column":36}}},"5":{"name":"id","line":28,"loc":{"start":{"line":28,"column":0},"end":{"line":28,"column":19}}},"6":{"name":"ready","line":33,"loc":{"start":{"line":33,"column":0},"end":{"line":33,"column":32}}},"7":{"name":"template","line":48,"loc":{"start":{"line":48,"column":0},"end":{"line":48,"column":40}}},"8":{"name":"(anonymous_8)","line":50,"loc":{"start":{"line":50,"column":36},"end":{"line":50,"column":54}}},"9":{"name":"(anonymous_9)","line":52,"loc":{"start":{"line":52,"column":30},"end":{"line":52,"column":48}}}},"statementMap":{"1":{"start":{"line":7,"column":0},"end":{"line":67,"column":5}},"2":{"start":{"line":8,"column":1},"end":{"line":10,"column":42}},"3":{"start":{"line":13,"column":0},"end":{"line":16,"column":15}},"4":{"start":{"line":17,"column":0},"end":{"line":17,"column":73}},"5":{"start":{"line":18,"column":0},"end":{"line":27,"column":1}},"6":{"start":{"line":20,"column":1},"end":{"line":20,"column":36}},"7":{"start":{"line":21,"column":1},"end":{"line":23,"column":4}},"8":{"start":{"line":22,"column":2},"end":{"line":22,"column":42}},"9":{"start":{"line":25,"column":1},"end":{"line":25,"column":19}},"10":{"start":{"line":26,"column":1},"end":{"line":26,"column":14}},"11":{"start":{"line":28,"column":0},"end":{"line":32,"column":1}},"12":{"start":{"line":30,"column":1},"end":{"line":30,"column":53}},"13":{"start":{"line":33,"column":0},"end":{"line":47,"column":1}},"14":{"start":{"line":35,"column":1},"end":{"line":37,"column":2}},"15":{"start":{"line":36,"column":2},"end":{"line":36,"column":19}},"16":{"start":{"line":39,"column":1},"end":{"line":45,"column":2}},"17":{"start":{"line":40,"column":2},"end":{"line":40,"column":47}},"18":{"start":{"line":44,"column":2},"end":{"line":44,"column":42}},"19":{"start":{"line":48,"column":0},"end":{"line":59,"column":1}},"20":{"start":{"line":49,"column":1},"end":{"line":49,"column":45}},"21":{"start":{"line":50,"column":1},"end":{"line":58,"column":4}},"22":{"start":{"line":52,"column":2},"end":{"line":57,"column":9}},"23":{"start":{"line":53,"column":3},"end":{"line":55,"column":4}},"24":{"start":{"line":54,"column":4},"end":{"line":54,"column":21}},"25":{"start":{"line":56,"column":3},"end":{"line":56,"column":23}},"26":{"start":{"line":61,"column":0},"end":{"line":61,"column":16}},"27":{"start":{"line":62,"column":0},"end":{"line":62,"column":22}},"28":{"start":{"line":63,"column":0},"end":{"line":63,"column":28}},"29":{"start":{"line":65,"column":0},"end":{"line":65,"column":62}}},"branchMap":{"1":{"line":8,"type":"cond-expr","locations":[{"start":{"line":8,"column":64},"end":{"line":8,"column":80}},{"start":{"line":9,"column":1},"end":{"line":10,"column":41}}]},"2":{"line":8,"type":"binary-expr","locations":[{"start":{"line":8,"column":1},"end":{"line":8,"column":28}},{"start":{"line":8,"column":32},"end":{"line":8,"column":61}}]},"3":{"line":9,"type":"cond-expr","locations":[{"start":{"line":9,"column":46},"end":{"line":9,"column":74}},{"start":{"line":10,"column":2},"end":{"line":10,"column":40}}]},"4":{"line":9,"type":"binary-expr","locations":[{"start":{"line":9,"column":1},"end":{"line":9,"column":29}},{"start":{"line":9,"column":33},"end":{"line":9,"column":43}}]},"5":{"line":10,"type":"binary-expr","locations":[{"start":{"line":10,"column":23},"end":{"line":10,"column":32}},{"start":{"line":10,"column":36},"end":{"line":10,"column":38}}]},"6":{"line":30,"type":"cond-expr","locations":[{"start":{"line":30,"column":28},"end":{"line":30,"column":30}},{"start":{"line":30,"column":31},"end":{"line":30,"column":41}}]},"7":{"line":35,"type":"if","locations":[{"start":{"line":35,"column":1},"end":{"line":35,"column":1}},{"start":{"line":35,"column":1},"end":{"line":35,"column":1}}]},"8":{"line":39,"type":"if","locations":[{"start":{"line":39,"column":1},"end":{"line":39,"column":1}},{"start":{"line":39,"column":1},"end":{"line":39,"column":1}}]},"9":{"line":49,"type":"cond-expr","locations":[{"start":{"line":49,"column":28},"end":{"line":49,"column":40}},{"start":{"line":49,"column":41},"end":{"line":49,"column":43}}]},"10":{"line":53,"type":"if","locations":[{"start":{"line":53,"column":3},"end":{"line":53,"column":3}},{"start":{"line":53,"column":3},"end":{"line":53,"column":3}}]}}}}