TN:
SF:C:\Applic\Server\DBNode-4.0.0-beta-3\htdocs\__Projects\utilities\submodules\main\dist\xAssist-main.js
FN:6,(anonymous_1)
FN:10,(anonymous_2)
FN:17,readyHandler
FN:20,(anonymous_4)
FN:26,id
FN:30,ready
FN:44,template
FN:46,(anonymous_8)
FN:48,(anonymous_9)
FNF:9
FNH:9
FNDA:1,(anonymous_1)
FNDA:1,(anonymous_2)
FNDA:1,readyHandler
FNDA:1,(anonymous_4)
FNDA:4,id
FNDA:2,ready
FNDA:3,template
FNDA:6,(anonymous_8)
FNDA:11,(anonymous_9)
DA:6,1
DA:7,1
DA:12,1
DA:16,1
DA:17,1
DA:19,1
DA:20,1
DA:21,1
DA:24,1
DA:25,1
DA:26,1
DA:28,4
DA:30,1
DA:32,2
DA:33,1
DA:36,2
DA:37,1
DA:41,1
DA:44,1
DA:45,3
DA:46,3
DA:48,6
DA:49,11
DA:50,8
DA:52,3
DA:57,1
DA:58,1
DA:59,1
DA:61,1
LF:29
LH:29
BRDA:7,1,0,1
BRDA:7,1,1,0
BRDA:7,2,0,1
BRDA:7,2,1,1
BRDA:8,3,0,0
BRDA:8,3,1,0
BRDA:8,4,0,0
BRDA:8,4,1,0
BRDA:9,5,0,0
BRDA:9,5,1,0
BRDA:28,6,0,2
BRDA:28,6,1,2
BRDA:32,7,0,1
BRDA:32,7,1,1
BRDA:36,8,0,1
BRDA:36,8,1,1
BRDA:45,9,0,2
BRDA:45,9,1,1
BRDA:49,10,0,8
BRDA:49,10,1,3
BRF:20
BRH:20
end_of_record
