TN:
SF:C:\Applic\Server\DBNode-4.0.0-beta-3\htdocs\__Projects\utilities\submodules\xassist-main\dist\xAssist-main.js
FN:7,(anonymous_1)
FN:11,(anonymous_2)
FN:18,readyHandler
FN:21,(anonymous_4)
FN:28,id
FN:33,ready
FN:48,template
FN:50,(anonymous_8)
FN:52,(anonymous_9)
FNF:9
FNH:9
FNDA:1,(anonymous_1)
FNDA:1,(anonymous_2)
FNDA:1,readyHandler
FNDA:1,(anonymous_4)
FNDA:4,id
FNDA:2,ready
FNDA:3,template
FNDA:6,(anonymous_8)
FNDA:11,(anonymous_9)
DA:7,1
DA:8,1
DA:13,1
DA:17,1
DA:18,1
DA:20,1
DA:21,1
DA:22,1
DA:25,1
DA:26,1
DA:28,1
DA:30,4
DA:33,1
DA:35,2
DA:36,1
DA:39,2
DA:40,1
DA:44,1
DA:48,1
DA:49,3
DA:50,3
DA:52,6
DA:53,11
DA:54,8
DA:56,3
DA:61,1
DA:62,1
DA:63,1
DA:65,1
LF:29
LH:29
BRDA:8,1,0,1
BRDA:8,1,1,0
BRDA:8,2,0,1
BRDA:8,2,1,1
BRDA:9,3,0,0
BRDA:9,3,1,0
BRDA:9,4,0,0
BRDA:9,4,1,0
BRDA:10,5,0,0
BRDA:10,5,1,0
BRDA:30,6,0,2
BRDA:30,6,1,2
BRDA:35,7,0,1
BRDA:35,7,1,1
BRDA:39,8,0,1
BRDA:39,8,1,1
BRDA:49,9,0,2
BRDA:49,9,1,1
BRDA:53,10,0,8
BRDA:53,10,1,3
BRF:20
BRH:13
end_of_record
